# JRE version: Java(TM) SE Runtime Environment 18.9 (11.0.15.1+2) (build 11.0.15.1+2-LTS-10)
# Java VM: Java HotSpot(TM) 64-Bit Server VM 18.9 (11.0.15.1+2-LTS-10, mixed mode, tiered, compressed oops, g1 gc, windows-amd64)
Heap:
 garbage-first heap   total 129024K, used 46870K [0x0000000082400000, 0x0000000100000000)
  region size 1024K, 40 young (40960K), 5 survivors (5120K)
 Metaspace       used 30111K, capacity 30890K, committed 31104K, reserved 1077248K
  class space    used 3538K, capacity 3843K, committed 3968K, reserved 1048576K
GC Heap History (8 events):
Event: 0.950 GC heap before
{Heap before GC invocations=0 (full 0):
 garbage-first heap   total 129024K, used 24576K [0x0000000082400000, 0x0000000100000000)
  region size 1024K, 24 young (24576K), 0 survivors (0K)
 Metaspace       used 13482K, capacity 13744K, committed 13824K, reserved 1060864K
  class space    used 1351K, capacity 1463K, committed 1536K, reserved 1048576K
}
Event: 0.955 GC heap after
{Heap after GC invocations=1 (full 0):
 garbage-first heap   total 129024K, used 7592K [0x0000000082400000, 0x0000000100000000)
  region size 1024K, 3 young (3072K), 3 survivors (3072K)
 Metaspace       used 13482K, capacity 13744K, committed 13824K, reserved 1060864K
  class space    used 1351K, capacity 1463K, committed 1536K, reserved 1048576K
}
Event: 1.155 GC heap before
{Heap before GC invocations=1 (full 0):
 garbage-first heap   total 129024K, used 27048K [0x0000000082400000, 0x0000000100000000)
  region size 1024K, 22 young (22528K), 3 survivors (3072K)
 Metaspace       used 17280K, capacity 17605K, committed 17792K, reserved 1064960K
  class space    used 1931K, capacity 2049K, committed 2176K, reserved 1048576K
}
Event: 1.158 GC heap after
{Heap after GC invocations=2 (full 0):
 garbage-first heap   total 129024K, used 8763K [0x0000000082400000, 0x0000000100000000)
  region size 1024K, 1 young (1024K), 1 survivors (1024K)
 Metaspace       used 17280K, capacity 17605K, committed 17792K, reserved 1064960K
  class space    used 1931K, capacity 2049K, committed 2176K, reserved 1048576K
}
Event: 1.359 GC heap before
{Heap before GC invocations=2 (full 0):
 garbage-first heap   total 129024K, used 26171K [0x0000000082400000, 0x0000000100000000)
  region size 1024K, 19 young (19456K), 1 survivors (1024K)
 Metaspace       used 20652K, capacity 21074K, committed 21248K, reserved 1069056K
  class space    used 2397K, capacity 2553K, committed 2560K, reserved 1048576K
}
Event: 1.362 GC heap after
{Heap after GC invocations=3 (full 0):
 garbage-first heap   total 129024K, used 9550K [0x0000000082400000, 0x0000000100000000)
  region size 1024K, 2 young (2048K), 2 survivors (2048K)
 Metaspace       used 20652K, capacity 21074K, committed 21248K, reserved 1069056K
  class space    used 2397K, capacity 2553K, committed 2560K, reserved 1048576K
}
Event: 1.913 GC heap before
{Heap before GC invocations=4 (full 0):
 garbage-first heap   total 129024K, used 55630K [0x0000000082400000, 0x0000000100000000)
  region size 1024K, 48 young (49152K), 2 survivors (2048K)
 Metaspace       used 27882K, capacity 28485K, committed 28544K, reserved 1075200K
  class space    used 3212K, capacity 3452K, committed 3456K, reserved 1048576K
}
Event: 1.918 GC heap after
{Heap after GC invocations=5 (full 0):
 garbage-first heap   total 129024K, used 12054K [0x0000000082400000, 0x0000000100000000)
  region size 1024K, 5 young (5120K), 5 survivors (5120K)
 Metaspace       used 27882K, capacity 28485K, committed 28544K, reserved 1075200K
  class space    used 3212K, capacity 3452K, committed 3456K, reserved 1048576K
}

