# JRE version: Java(TM) SE Runtime Environment 18.9 (11.0.15.1+2) (build 11.0.15.1+2-LTS-10)
# Java VM: Java HotSpot(TM) 64-Bit Server VM 18.9 (11.0.15.1+2-LTS-10, mixed mode, tiered, compressed oops, g1 gc, windows-amd64)
Heap:
 garbage-first heap   total 155648K, used 88131K [0x0000000082400000, 0x0000000100000000)
  region size 1024K, 57 young (58368K), 6 survivors (6144K)
 Metaspace       used 76828K, capacity 78358K, committed 78468K, reserved 1118208K
  class space    used 9536K, capacity 10131K, committed 10196K, reserved 1048576K
GC Heap History (10 events):
Event: 6.649 GC heap before
{Heap before GC invocations=12 (full 0):
 garbage-first heap   total 155648K, used 102447K [0x0000000082400000, 0x0000000100000000)
  region size 1024K, 76 young (77824K), 4 survivors (4096K)
 Metaspace       used 63617K, capacity 64809K, committed 65028K, reserved 1105920K
  class space    used 8006K, capacity 8490K, committed 8532K, reserved 1048576K
}
Event: 6.655 GC heap after
{Heap after GC invocations=13 (full 0):
 garbage-first heap   total 155648K, used 31025K [0x0000000082400000, 0x0000000100000000)
  region size 1024K, 6 young (6144K), 6 survivors (6144K)
 Metaspace       used 63617K, capacity 64809K, committed 65028K, reserved 1105920K
  class space    used 8006K, capacity 8490K, committed 8532K, reserved 1048576K
}
Event: 7.423 GC heap before
{Heap before GC invocations=13 (full 0):
 garbage-first heap   total 155648K, used 106801K [0x0000000082400000, 0x0000000100000000)
  region size 1024K, 80 young (81920K), 6 survivors (6144K)
 Metaspace       used 68510K, capacity 69921K, committed 70148K, reserved 1110016K
  class space    used 8651K, capacity 9211K, committed 9300K, reserved 1048576K
}
Event: 7.429 GC heap after
{Heap after GC invocations=14 (full 0):
 garbage-first heap   total 155648K, used 35195K [0x0000000082400000, 0x0000000100000000)
  region size 1024K, 8 young (8192K), 8 survivors (8192K)
 Metaspace       used 68510K, capacity 69921K, committed 70148K, reserved 1110016K
  class space    used 8651K, capacity 9211K, committed 9300K, reserved 1048576K
}
Event: 149.529 GC heap before
{Heap before GC invocations=14 (full 0):
 garbage-first heap   total 155648K, used 111995K [0x0000000082400000, 0x0000000100000000)
  region size 1024K, 83 young (84992K), 8 survivors (8192K)
 Metaspace       used 76710K, capacity 78220K, committed 78468K, reserved 1118208K
  class space    used 9532K, capacity 10129K, committed 10196K, reserved 1048576K
}
Event: 149.535 GC heap after
{Heap after GC invocations=15 (full 0):
 garbage-first heap   total 155648K, used 36858K [0x0000000082400000, 0x0000000100000000)
  region size 1024K, 6 young (6144K), 6 survivors (6144K)
 Metaspace       used 76710K, capacity 78220K, committed 78468K, reserved 1118208K
  class space    used 9532K, capacity 10129K, committed 10196K, reserved 1048576K
}
Event: 799.859 GC heap before
{Heap before GC invocations=15 (full 0):
 garbage-first heap   total 155648K, used 114682K [0x0000000082400000, 0x0000000100000000)
  region size 1024K, 82 young (83968K), 6 survivors (6144K)
 Metaspace       used 76784K, capacity 78348K, committed 78468K, reserved 1118208K
  class space    used 9532K, capacity 10129K, committed 10196K, reserved 1048576K
}
Event: 799.871 GC heap after
{Heap after GC invocations=16 (full 0):
 garbage-first heap   total 155648K, used 36931K [0x0000000082400000, 0x0000000100000000)
  region size 1024K, 6 young (6144K), 6 survivors (6144K)
 Metaspace       used 76784K, capacity 78348K, committed 78468K, reserved 1118208K
  class space    used 9532K, capacity 10129K, committed 10196K, reserved 1048576K
}
Event: 1466.934 GC heap before
{Heap before GC invocations=16 (full 0):
 garbage-first heap   total 155648K, used 115779K [0x0000000082400000, 0x0000000100000000)
  region size 1024K, 83 young (84992K), 6 survivors (6144K)
 Metaspace       used 76787K, capacity 78348K, committed 78468K, reserved 1118208K
  class space    used 9532K, capacity 10129K, committed 10196K, reserved 1048576K
}
Event: 1466.956 GC heap after
{Heap after GC invocations=17 (full 0):
 garbage-first heap   total 155648K, used 36931K [0x0000000082400000, 0x0000000100000000)
  region size 1024K, 6 young (6144K), 6 survivors (6144K)
 Metaspace       used 76787K, capacity 78348K, committed 78468K, reserved 1118208K
  class space    used 9532K, capacity 10129K, committed 10196K, reserved 1048576K
}

