# JRE version: Java(TM) SE Runtime Environment 18.9 (11.0.15.1+2) (build 11.0.15.1+2-LTS-10)
# Java VM: Java HotSpot(TM) 64-Bit Server VM 18.9 (11.0.15.1+2-LTS-10, mixed mode, tiered, compressed oops, g1 gc, windows-amd64)
Heap:
 garbage-first heap   total 155648K, used 59856K [0x0000000082400000, 0x0000000100000000)
  region size 1024K, 32 young (32768K), 5 survivors (5120K)
 Metaspace       used 73571K, capacity 75092K, committed 75392K, reserved 1114112K
  class space    used 9135K, capacity 9735K, committed 9856K, reserved 1048576K
GC Heap History (10 events):
Event: 259.220 GC heap before
{Heap before GC invocations=12 (full 0):
 garbage-first heap   total 155648K, used 116308K [0x0000000082400000, 0x0000000100000000)
  region size 1024K, 91 young (93184K), 6 survivors (6144K)
 Metaspace       used 72067K, capacity 73583K, committed 73600K, reserved 1114112K
  class space    used 9003K, capacity 9584K, committed 9600K, reserved 1048576K
}
Event: 259.230 GC heap after
{Heap after GC invocations=13 (full 0):
 garbage-first heap   total 155648K, used 31940K [0x0000000082400000, 0x0000000100000000)
  region size 1024K, 9 young (9216K), 9 survivors (9216K)
 Metaspace       used 72067K, capacity 73583K, committed 73600K, reserved 1114112K
  class space    used 9003K, capacity 9584K, committed 9600K, reserved 1048576K
}
Event: 948.561 GC heap before
{Heap before GC invocations=13 (full 0):
 garbage-first heap   total 155648K, used 115908K [0x0000000082400000, 0x0000000100000000)
  region size 1024K, 91 young (93184K), 9 survivors (9216K)
 Metaspace       used 72349K, capacity 73813K, committed 73984K, reserved 1114112K
  class space    used 9031K, capacity 9618K, committed 9728K, reserved 1048576K
}
Event: 948.585 GC heap after
{Heap after GC invocations=14 (full 0):
 garbage-first heap   total 155648K, used 32173K [0x0000000082400000, 0x0000000100000000)
  region size 1024K, 7 young (7168K), 7 survivors (7168K)
 Metaspace       used 72349K, capacity 73813K, committed 73984K, reserved 1114112K
  class space    used 9031K, capacity 9618K, committed 9728K, reserved 1048576K
}
Event: 1636.384 GC heap before
{Heap before GC invocations=14 (full 0):
 garbage-first heap   total 155648K, used 118189K [0x0000000082400000, 0x0000000100000000)
  region size 1024K, 91 young (93184K), 7 survivors (7168K)
 Metaspace       used 72672K, capacity 74155K, committed 74496K, reserved 1114112K
  class space    used 9055K, capacity 9624K, committed 9728K, reserved 1048576K
}
Event: 1636.393 GC heap after
{Heap after GC invocations=15 (full 0):
 garbage-first heap   total 155648K, used 32311K [0x0000000082400000, 0x0000000100000000)
  region size 1024K, 7 young (7168K), 7 survivors (7168K)
 Metaspace       used 72672K, capacity 74155K, committed 74496K, reserved 1114112K
  class space    used 9055K, capacity 9624K, committed 9728K, reserved 1048576K
}
Event: 1989.186 GC heap before
{Heap before GC invocations=15 (full 0):
 garbage-first heap   total 155648K, used 118327K [0x0000000082400000, 0x0000000100000000)
  region size 1024K, 91 young (93184K), 7 survivors (7168K)
 Metaspace       used 73457K, capacity 74964K, committed 75136K, reserved 1114112K
  class space    used 9134K, capacity 9735K, committed 9856K, reserved 1048576K
}
Event: 1989.200 GC heap after
{Heap after GC invocations=16 (full 0):
 garbage-first heap   total 155648K, used 33093K [0x0000000082400000, 0x0000000100000000)
  region size 1024K, 7 young (7168K), 7 survivors (7168K)
 Metaspace       used 73457K, capacity 74964K, committed 75136K, reserved 1114112K
  class space    used 9134K, capacity 9735K, committed 9856K, reserved 1048576K
}
Event: 9161.014 GC heap before
{Heap before GC invocations=16 (full 0):
 garbage-first heap   total 155648K, used 119109K [0x0000000082400000, 0x0000000100000000)
  region size 1024K, 91 young (93184K), 7 survivors (7168K)
 Metaspace       used 73544K, capacity 75092K, committed 75392K, reserved 1114112K
  class space    used 9135K, capacity 9735K, committed 9856K, reserved 1048576K
}
Event: 9161.040 GC heap after
{Heap after GC invocations=17 (full 0):
 garbage-first heap   total 155648K, used 33232K [0x0000000082400000, 0x0000000100000000)
  region size 1024K, 5 young (5120K), 5 survivors (5120K)
 Metaspace       used 73544K, capacity 75092K, committed 75392K, reserved 1114112K
  class space    used 9135K, capacity 9735K, committed 9856K, reserved 1048576K
}

