# JRE version: Java(TM) SE Runtime Environment 18.9 (11.0.15.1+2) (build 11.0.15.1+2-LTS-10)
# Java VM: Java HotSpot(TM) 64-Bit Server VM 18.9 (11.0.15.1+2-LTS-10, mixed mode, tiered, compressed oops, g1 gc, windows-amd64)
Heap:
 garbage-first heap   total 99328K, used 34985K [0x0000000082400000, 0x0000000100000000)
  region size 1024K, 4 young (4096K), 1 survivors (1024K)
 Metaspace       used 72748K, capacity 74315K, committed 74536K, reserved 1114112K
  class space    used 8935K, capacity 9496K, committed 9632K, reserved 1048576K
GC Heap History (10 events):
Event: 233.200 GC heap after
{Heap after GC invocations=14 (full 1):
 garbage-first heap   total 99328K, used 30823K [0x0000000082400000, 0x0000000100000000)
  region size 1024K, 4 young (4096K), 4 survivors (4096K)
 Metaspace       used 70220K, capacity 71615K, committed 71976K, reserved 1112064K
  class space    used 8795K, capacity 9327K, committed 9376K, reserved 1048576K
}
Event: 233.587 GC heap before
{Heap before GC invocations=14 (full 1):
 garbage-first heap   total 99328K, used 74855K [0x0000000082400000, 0x0000000100000000)
  region size 1024K, 47 young (48128K), 4 survivors (4096K)
 Metaspace       used 70706K, capacity 72190K, committed 72232K, reserved 1112064K
  class space    used 8823K, capacity 9376K, committed 9376K, reserved 1048576K
}
Event: 233.591 GC heap after
{Heap after GC invocations=15 (full 1):
 garbage-first heap   total 99328K, used 32194K [0x0000000082400000, 0x0000000100000000)
  region size 1024K, 5 young (5120K), 5 survivors (5120K)
 Metaspace       used 70706K, capacity 72190K, committed 72232K, reserved 1112064K
  class space    used 8823K, capacity 9376K, committed 9376K, reserved 1048576K
}
Event: 234.012 GC heap before
{Heap before GC invocations=15 (full 1):
 garbage-first heap   total 99328K, used 76226K [0x0000000082400000, 0x0000000100000000)
  region size 1024K, 48 young (49152K), 5 survivors (5120K)
 Metaspace       used 71701K, capacity 73182K, committed 73384K, reserved 1114112K
  class space    used 8871K, capacity 9430K, committed 9504K, reserved 1048576K
}
Event: 234.018 GC heap after
{Heap after GC invocations=16 (full 1):
 garbage-first heap   total 99328K, used 33199K [0x0000000082400000, 0x0000000100000000)
  region size 1024K, 3 young (3072K), 3 survivors (3072K)
 Metaspace       used 71701K, capacity 73182K, committed 73384K, reserved 1114112K
  class space    used 8871K, capacity 9430K, committed 9504K, reserved 1048576K
}
Event: 268.435 GC heap before
{Heap before GC invocations=16 (full 1):
 garbage-first heap   total 99328K, used 63919K [0x0000000082400000, 0x0000000100000000)
  region size 1024K, 34 young (34816K), 3 survivors (3072K)
 Metaspace       used 72167K, capacity 73698K, committed 73896K, reserved 1114112K
  class space    used 8890K, capacity 9443K, committed 9504K, reserved 1048576K
}
Event: 268.474 GC heap after
{Heap after GC invocations=17 (full 2):
 garbage-first heap   total 99328K, used 28129K [0x0000000082400000, 0x0000000100000000)
  region size 1024K, 0 young (0K), 0 survivors (0K)
 Metaspace       used 72080K, capacity 73560K, committed 73896K, reserved 1114112K
  class space    used 8878K, capacity 9419K, committed 9504K, reserved 1048576K
}
Event: 268.994 GC heap before
{Heap before GC invocations=17 (full 2):
 garbage-first heap   total 99328K, used 75233K [0x0000000082400000, 0x0000000100000000)
  region size 1024K, 46 young (47104K), 0 survivors (0K)
 Metaspace       used 72371K, capacity 73898K, committed 74152K, reserved 1114112K
  class space    used 8919K, capacity 9464K, committed 9504K, reserved 1048576K
}
Event: 268.997 GC heap after
{Heap after GC invocations=18 (full 2):
 garbage-first heap   total 99328K, used 31396K [0x0000000082400000, 0x0000000100000000)
  region size 1024K, 4 young (4096K), 4 survivors (4096K)
 Metaspace       used 72371K, capacity 73898K, committed 74152K, reserved 1114112K
  class space    used 8919K, capacity 9464K, committed 9504K, reserved 1048576K
}
Event: 269.319 GC heap before
{Heap before GC invocations=18 (full 2):
 garbage-first heap   total 99328K, used 75428K [0x0000000082400000, 0x0000000100000000)
  region size 1024K, 47 young (48128K), 4 survivors (4096K)
 Metaspace       used 72653K, capacity 74187K, committed 74536K, reserved 1114112K
  class space    used 8931K, capacity 9496K, committed 9632K, reserved 1048576K
}

