# JRE version: Java(TM) SE Runtime Environment 18.9 (11.0.15.1+2) (build 11.0.15.1+2-LTS-10)
# Java VM: Java HotSpot(TM) 64-Bit Server VM 18.9 (11.0.15.1+2-LTS-10, mixed mode, tiered, compressed oops, g1 gc, windows-amd64)
Heap:
 garbage-first heap   total 129024K, used 73963K [0x0000000082400000, 0x0000000100000000)
  region size 1024K, 51 young (52224K), 6 survivors (6144K)
 Metaspace       used 65422K, capacity 66788K, committed 66908K, reserved 1107968K
  class space    used 8247K, capacity 8803K, committed 8916K, reserved 1048576K
GC Heap History (10 events):
Event: 4.052 GC heap before
{Heap before GC invocations=5 (full 0):
 garbage-first heap   total 129024K, used 61382K [0x0000000082400000, 0x0000000100000000)
  region size 1024K, 55 young (56320K), 6 survivors (6144K)
 Metaspace       used 35017K, capacity 35959K, committed 36048K, reserved 1081344K
  class space    used 4163K, capacity 4518K, committed 4564K, reserved 1048576K
}
Event: 4.060 GC heap after
{Heap after GC invocations=6 (full 0):
 garbage-first heap   total 129024K, used 15323K [0x0000000082400000, 0x0000000100000000)
  region size 1024K, 8 young (8192K), 8 survivors (8192K)
 Metaspace       used 35017K, capacity 35959K, committed 36048K, reserved 1081344K
  class space    used 4163K, capacity 4518K, committed 4564K, reserved 1048576K
}
Event: 5.448 GC heap before
{Heap before GC invocations=7 (full 0):
 garbage-first heap   total 129024K, used 81883K [0x0000000082400000, 0x0000000100000000)
  region size 1024K, 73 young (74752K), 8 survivors (8192K)
 Metaspace       used 48215K, capacity 49273K, committed 49436K, reserved 1093632K
  class space    used 5730K, capacity 6145K, committed 6228K, reserved 1048576K
}
Event: 5.459 GC heap after
{Heap after GC invocations=8 (full 0):
 garbage-first heap   total 129024K, used 23218K [0x0000000082400000, 0x0000000100000000)
  region size 1024K, 10 young (10240K), 10 survivors (10240K)
 Metaspace       used 48215K, capacity 49273K, committed 49436K, reserved 1093632K
  class space    used 5730K, capacity 6145K, committed 6228K, reserved 1048576K
}
Event: 6.137 GC heap before
{Heap before GC invocations=8 (full 0):
 garbage-first heap   total 129024K, used 88754K [0x0000000082400000, 0x0000000100000000)
  region size 1024K, 74 young (75776K), 10 survivors (10240K)
 Metaspace       used 53708K, capacity 54833K, committed 54940K, reserved 1097728K
  class space    used 6631K, capacity 7055K, committed 7124K, reserved 1048576K
}
Event: 6.146 GC heap after
{Heap after GC invocations=9 (full 0):
 garbage-first heap   total 129024K, used 25243K [0x0000000082400000, 0x0000000100000000)
  region size 1024K, 2 young (2048K), 2 survivors (2048K)
 Metaspace       used 53708K, capacity 54833K, committed 54940K, reserved 1097728K
  class space    used 6631K, capacity 7055K, committed 7124K, reserved 1048576K
}
Event: 6.680 GC heap before
{Heap before GC invocations=9 (full 0):
 garbage-first heap   total 129024K, used 65179K [0x0000000082400000, 0x0000000100000000)
  region size 1024K, 42 young (43008K), 2 survivors (2048K)
 Metaspace       used 59473K, capacity 60585K, committed 60636K, reserved 1101824K
  class space    used 7505K, capacity 7984K, committed 8020K, reserved 1048576K
}
Event: 6.683 GC heap after
{Heap after GC invocations=10 (full 0):
 garbage-first heap   total 129024K, used 26426K [0x0000000082400000, 0x0000000100000000)
  region size 1024K, 4 young (4096K), 4 survivors (4096K)
 Metaspace       used 59473K, capacity 60585K, committed 60636K, reserved 1101824K
  class space    used 7505K, capacity 7984K, committed 8020K, reserved 1048576K
}
Event: 7.447 GC heap before
{Heap before GC invocations=11 (full 0):
 garbage-first heap   total 129024K, used 86842K [0x0000000082400000, 0x0000000100000000)
  region size 1024K, 63 young (64512K), 4 survivors (4096K)
 Metaspace       used 63321K, capacity 64551K, committed 64732K, reserved 1105920K
  class space    used 7963K, capacity 8449K, committed 8532K, reserved 1048576K
}
Event: 7.452 GC heap after
{Heap after GC invocations=12 (full 0):
 garbage-first heap   total 129024K, used 28907K [0x0000000082400000, 0x0000000100000000)
  region size 1024K, 6 young (6144K), 6 survivors (6144K)
 Metaspace       used 63321K, capacity 64551K, committed 64732K, reserved 1105920K
  class space    used 7963K, capacity 8449K, committed 8532K, reserved 1048576K
}

